<?xml version="1.0" encoding="UTF-8"?>
<testsuite xmlns:xsi="http://www.w3.org/2001/XMLSchema-instance" xsi:noNamespaceSchemaLocation="https://maven.apache.org/surefire/maven-surefire-plugin/xsd/surefire-test-report-3.0.xsd" version="3.0" name="ru.yandex.praktikum.user.UserDeleteTest" time="0.858" tests="1" errors="0" skipped="0" failures="0">
  <properties>
    <property name="gopherProxySet" value="false"/>
    <property name="awt.toolkit" value="sun.lwawt.macosx.LWCToolkit"/>
    <property name="java.specification.version" value="11"/>
    <property name="sun.cpu.isalist" value=""/>
    <property name="sun.jnu.encoding" value="UTF-8"/>
    <property name="java.class.path" value="/Users/sotskovpavel/Documents/Diplom/Diplom2chast/target/test-classes:/Users/sotskovpavel/Documents/Diplom/Diplom2chast/target/classes:/Users/sotskovpavel/.m2/repository/junit/junit/4.13.2/junit-4.13.2.jar:/Users/sotskovpavel/.m2/repository/org/hamcrest/hamcrest-core/1.3/hamcrest-core-1.3.jar:/Users/sotskovpavel/.m2/repository/org/slf4j/slf4j-simple/1.8.0-alpha2/slf4j-simple-1.8.0-alpha2.jar:/Users/sotskovpavel/.m2/repository/org/slf4j/slf4j-api/1.8.0-alpha2/slf4j-api-1.8.0-alpha2.jar:/Users/sotskovpavel/.m2/repository/com/google/guava/guava/31.0.1-jre/guava-31.0.1-jre.jar:/Users/sotskovpavel/.m2/repository/com/google/guava/failureaccess/1.0.1/failureaccess-1.0.1.jar:/Users/sotskovpavel/.m2/repository/com/google/guava/listenablefuture/9999.0-empty-to-avoid-conflict-with-guava/listenablefuture-9999.0-empty-to-avoid-conflict-with-guava.jar:/Users/sotskovpavel/.m2/repository/com/google/code/findbugs/jsr305/3.0.2/jsr305-3.0.2.jar:/Users/sotskovpavel/.m2/repository/org/checkerframework/checker-qual/3.12.0/checker-qual-3.12.0.jar:/Users/sotskovpavel/.m2/repository/com/google/errorprone/error_prone_annotations/2.7.1/error_prone_annotations-2.7.1.jar:/Users/sotskovpavel/.m2/repository/com/google/j2objc/j2objc-annotations/1.3/j2objc-annotations-1.3.jar:/Users/sotskovpavel/.m2/repository/io/rest-assured/rest-assured/4.4.0/rest-assured-4.4.0.jar:/Users/sotskovpavel/.m2/repository/org/codehaus/groovy/groovy/3.0.8/groovy-3.0.8.jar:/Users/sotskovpavel/.m2/repository/org/codehaus/groovy/groovy-xml/3.0.8/groovy-xml-3.0.8.jar:/Users/sotskovpavel/.m2/repository/org/apache/httpcomponents/httpclient/4.5.13/httpclient-4.5.13.jar:/Users/sotskovpavel/.m2/repository/org/apache/httpcomponents/httpcore/4.4.13/httpcore-4.4.13.jar:/Users/sotskovpavel/.m2/repository/commons-logging/commons-logging/1.2/commons-logging-1.2.jar:/Users/sotskovpavel/.m2/repository/commons-codec/commons-codec/1.11/commons-codec-1.11.jar:/Users/sotskovpavel/.m2/repository/org/apache/httpcomponents/httpmime/4.5.13/httpmime-4.5.13.jar:/Users/sotskovpavel/.m2/repository/org/hamcrest/hamcrest/2.1/hamcrest-2.1.jar:/Users/sotskovpavel/.m2/repository/org/ccil/cowan/tagsoup/tagsoup/1.2.1/tagsoup-1.2.1.jar:/Users/sotskovpavel/.m2/repository/io/rest-assured/json-path/4.4.0/json-path-4.4.0.jar:/Users/sotskovpavel/.m2/repository/org/codehaus/groovy/groovy-json/3.0.8/groovy-json-3.0.8.jar:/Users/sotskovpavel/.m2/repository/io/rest-assured/rest-assured-common/4.4.0/rest-assured-common-4.4.0.jar:/Users/sotskovpavel/.m2/repository/io/rest-assured/xml-path/4.4.0/xml-path-4.4.0.jar:/Users/sotskovpavel/.m2/repository/org/apache/commons/commons-lang3/3.11/commons-lang3-3.11.jar:/Users/sotskovpavel/.m2/repository/jakarta/xml/bind/jakarta.xml.bind-api/2.3.3/jakarta.xml.bind-api-2.3.3.jar:/Users/sotskovpavel/.m2/repository/jakarta/activation/jakarta.activation-api/1.2.2/jakarta.activation-api-1.2.2.jar:/Users/sotskovpavel/.m2/repository/com/sun/xml/bind/jaxb-impl/2.3.3/jaxb-impl-2.3.3.jar:/Users/sotskovpavel/.m2/repository/com/google/code/gson/gson/2.8.9/gson-2.8.9.jar:/Users/sotskovpavel/.m2/repository/io/qameta/allure/allure-junit4/2.16.0/allure-junit4-2.16.0.jar:/Users/sotskovpavel/.m2/repository/io/qameta/allure/allure-java-commons/2.16.0/allure-java-commons-2.16.0.jar:/Users/sotskovpavel/.m2/repository/io/qameta/allure/allure-model/2.16.0/allure-model-2.16.0.jar:/Users/sotskovpavel/.m2/repository/io/qameta/allure/allure-rest-assured/2.16.0/allure-rest-assured-2.16.0.jar:/Users/sotskovpavel/.m2/repository/io/qameta/allure/allure-attachments/2.16.0/allure-attachments-2.16.0.jar:/Users/sotskovpavel/.m2/repository/org/freemarker/freemarker/2.3.31/freemarker-2.3.31.jar:/Users/sotskovpavel/.m2/repository/org/projectlombok/lombok/1.18.22/lombok-1.18.22.jar:"/>
    <property name="java.vm.vendor" value="Amazon.com Inc."/>
    <property name="sun.arch.data.model" value="64"/>
    <property name="java.vendor.url" value="https://aws.amazon.com/corretto/"/>
    <property name="user.timezone" value=""/>
    <property name="java.vm.specification.version" value="11"/>
    <property name="os.name" value="Mac OS X"/>
    <property name="sun.java.launcher" value="SUN_STANDARD"/>
    <property name="user.country" value="RU"/>
    <property name="sun.boot.library.path" value="/Library/Java/JavaVirtualMachines/amazon-corretto-11.jdk/Contents/Home/lib"/>
    <property name="sun.java.command" value="/Users/sotskovpavel/Documents/Diplom/Diplom2chast/target/surefire/surefirebooter12066205462893483297.jar /Users/sotskovpavel/Documents/Diplom/Diplom2chast/target/surefire 2024-03-05T17-50-26_051-jvmRun1 surefire9086755806224798121tmp surefire_05980523492754473178tmp"/>
    <property name="jdk.debug" value="release"/>
    <property name="surefire.test.class.path" value="/Users/sotskovpavel/Documents/Diplom/Diplom2chast/target/test-classes:/Users/sotskovpavel/Documents/Diplom/Diplom2chast/target/classes:/Users/sotskovpavel/.m2/repository/junit/junit/4.13.2/junit-4.13.2.jar:/Users/sotskovpavel/.m2/repository/org/hamcrest/hamcrest-core/1.3/hamcrest-core-1.3.jar:/Users/sotskovpavel/.m2/repository/org/slf4j/slf4j-simple/1.8.0-alpha2/slf4j-simple-1.8.0-alpha2.jar:/Users/sotskovpavel/.m2/repository/org/slf4j/slf4j-api/1.8.0-alpha2/slf4j-api-1.8.0-alpha2.jar:/Users/sotskovpavel/.m2/repository/com/google/guava/guava/31.0.1-jre/guava-31.0.1-jre.jar:/Users/sotskovpavel/.m2/repository/com/google/guava/failureaccess/1.0.1/failureaccess-1.0.1.jar:/Users/sotskovpavel/.m2/repository/com/google/guava/listenablefuture/9999.0-empty-to-avoid-conflict-with-guava/listenablefuture-9999.0-empty-to-avoid-conflict-with-guava.jar:/Users/sotskovpavel/.m2/repository/com/google/code/findbugs/jsr305/3.0.2/jsr305-3.0.2.jar:/Users/sotskovpavel/.m2/repository/org/checkerframework/checker-qual/3.12.0/checker-qual-3.12.0.jar:/Users/sotskovpavel/.m2/repository/com/google/errorprone/error_prone_annotations/2.7.1/error_prone_annotations-2.7.1.jar:/Users/sotskovpavel/.m2/repository/com/google/j2objc/j2objc-annotations/1.3/j2objc-annotations-1.3.jar:/Users/sotskovpavel/.m2/repository/io/rest-assured/rest-assured/4.4.0/rest-assured-4.4.0.jar:/Users/sotskovpavel/.m2/repository/org/codehaus/groovy/groovy/3.0.8/groovy-3.0.8.jar:/Users/sotskovpavel/.m2/repository/org/codehaus/groovy/groovy-xml/3.0.8/groovy-xml-3.0.8.jar:/Users/sotskovpavel/.m2/repository/org/apache/httpcomponents/httpclient/4.5.13/httpclient-4.5.13.jar:/Users/sotskovpavel/.m2/repository/org/apache/httpcomponents/httpcore/4.4.13/httpcore-4.4.13.jar:/Users/sotskovpavel/.m2/repository/commons-logging/commons-logging/1.2/commons-logging-1.2.jar:/Users/sotskovpavel/.m2/repository/commons-codec/commons-codec/1.11/commons-codec-1.11.jar:/Users/sotskovpavel/.m2/repository/org/apache/httpcomponents/httpmime/4.5.13/httpmime-4.5.13.jar:/Users/sotskovpavel/.m2/repository/org/hamcrest/hamcrest/2.1/hamcrest-2.1.jar:/Users/sotskovpavel/.m2/repository/org/ccil/cowan/tagsoup/tagsoup/1.2.1/tagsoup-1.2.1.jar:/Users/sotskovpavel/.m2/repository/io/rest-assured/json-path/4.4.0/json-path-4.4.0.jar:/Users/sotskovpavel/.m2/repository/org/codehaus/groovy/groovy-json/3.0.8/groovy-json-3.0.8.jar:/Users/sotskovpavel/.m2/repository/io/rest-assured/rest-assured-common/4.4.0/rest-assured-common-4.4.0.jar:/Users/sotskovpavel/.m2/repository/io/rest-assured/xml-path/4.4.0/xml-path-4.4.0.jar:/Users/sotskovpavel/.m2/repository/org/apache/commons/commons-lang3/3.11/commons-lang3-3.11.jar:/Users/sotskovpavel/.m2/repository/jakarta/xml/bind/jakarta.xml.bind-api/2.3.3/jakarta.xml.bind-api-2.3.3.jar:/Users/sotskovpavel/.m2/repository/jakarta/activation/jakarta.activation-api/1.2.2/jakarta.activation-api-1.2.2.jar:/Users/sotskovpavel/.m2/repository/com/sun/xml/bind/jaxb-impl/2.3.3/jaxb-impl-2.3.3.jar:/Users/sotskovpavel/.m2/repository/com/google/code/gson/gson/2.8.9/gson-2.8.9.jar:/Users/sotskovpavel/.m2/repository/io/qameta/allure/allure-junit4/2.16.0/allure-junit4-2.16.0.jar:/Users/sotskovpavel/.m2/repository/io/qameta/allure/allure-java-commons/2.16.0/allure-java-commons-2.16.0.jar:/Users/sotskovpavel/.m2/repository/io/qameta/allure/allure-model/2.16.0/allure-model-2.16.0.jar:/Users/sotskovpavel/.m2/repository/io/qameta/allure/allure-rest-assured/2.16.0/allure-rest-assured-2.16.0.jar:/Users/sotskovpavel/.m2/repository/io/qameta/allure/allure-attachments/2.16.0/allure-attachments-2.16.0.jar:/Users/sotskovpavel/.m2/repository/org/freemarker/freemarker/2.3.31/freemarker-2.3.31.jar:/Users/sotskovpavel/.m2/repository/org/projectlombok/lombok/1.18.22/lombok-1.18.22.jar:"/>
    <property name="allure.results.directory" value="/Users/sotskovpavel/Documents/Diplom/Diplom2chast/target/allure-results"/>
    <property name="sun.cpu.endian" value="little"/>
    <property name="user.home" value="/Users/sotskovpavel"/>
    <property name="user.language" value="ru"/>
    <property name="java.specification.vendor" value="Oracle Corporation"/>
    <property name="java.version.date" value="2023-10-17"/>
    <property name="java.home" value="/Library/Java/JavaVirtualMachines/amazon-corretto-11.jdk/Contents/Home"/>
    <property name="file.separator" value="/"/>
    <property name="basedir" value="/Users/sotskovpavel/Documents/Diplom/Diplom2chast"/>
    <property name="java.vm.compressedOopsMode" value="Zero based"/>
    <property name="line.separator" value="&#10;"/>
    <property name="java.specification.name" value="Java Platform API Specification"/>
    <property name="java.vm.specification.vendor" value="Oracle Corporation"/>
    <property name="java.awt.graphicsenv" value="sun.awt.CGraphicsEnvironment"/>
    <property name="surefire.real.class.path" value="/Users/sotskovpavel/Documents/Diplom/Diplom2chast/target/surefire/surefirebooter12066205462893483297.jar"/>
    <property name="sun.management.compiler" value="HotSpot 64-Bit Tiered Compilers"/>
    <property name="java.runtime.version" value="11.0.21+9-LTS"/>
    <property name="user.name" value="sotskovpavel"/>
    <property name="path.separator" value=":"/>
    <property name="os.version" value="14.0"/>
    <property name="java.runtime.name" value="OpenJDK Runtime Environment"/>
    <property name="file.encoding" value="UTF-8"/>
    <property name="java.vm.name" value="OpenJDK 64-Bit Server VM"/>
    <property name="java.vendor.version" value="Corretto-11.0.21.9.1"/>
    <property name="localRepository" value="/Users/sotskovpavel/.m2/repository"/>
    <property name="java.vendor.url.bug" value="https://github.com/corretto/corretto-11/issues/"/>
    <property name="java.io.tmpdir" value="/var/folders/lp/cq08n7v53z70d8cdwz2cvcrwfskw12/T/"/>
    <property name="idea.version" value="2022.3.3"/>
    <property name="java.version" value="11.0.21"/>
    <property name="user.dir" value="/Users/sotskovpavel/Documents/Diplom/Diplom2chast"/>
    <property name="os.arch" value="x86_64"/>
    <property name="java.vm.specification.name" value="Java Virtual Machine Specification"/>
    <property name="java.awt.printerjob" value="sun.lwawt.macosx.CPrinterJob"/>
    <property name="sun.os.patch.level" value="unknown"/>
    <property name="java.library.path" value="/Users/sotskovpavel/Library/Java/Extensions:/Library/Java/Extensions:/Network/Library/Java/Extensions:/System/Library/Java/Extensions:/usr/lib/java:."/>
    <property name="java.vm.info" value="mixed mode"/>
    <property name="java.vendor" value="Amazon.com Inc."/>
    <property name="java.vm.version" value="11.0.21+9-LTS"/>
    <property name="java.specification.maintenance.version" value="2"/>
    <property name="sun.io.unicode.encoding" value="UnicodeBig"/>
    <property name="java.class.version" value="55.0"/>
  </properties>
  <testcase name="userDeleteByValidCredentials" classname="ru.yandex.praktikum.user.UserDeleteTest" time="0.855"/>
</testsuite>